<?xml version="1.0" encoding="UTF-8"?>
<!-- Generated by org.testng.reporters.JUnitXMLReporter -->
<testsuite hostname="QAs-Mac-mini.local" name="Default test" tests="7" failures="0" timestamp="11 Dec 2015 04:34:32 GMT" time="494.845" errors="0">
  <testcase name="checkTermsOfUse" time="187.444" classname="termsOfUse.TermsOfUse"/>
  <testcase name="signIn" time="101.929" classname="signIn.SignIn"/>
  <testcase name="CheckPrivacyPolicyLoaded" time="99.346" classname="privacyPolicy.PrivacyPolicy"/>
  <testcase name="SelectFirstKid" time="94.76" classname="kidDetails.KidsSelection"/>
  <testcase name="SelectSecondKid" time="3.802" classname="kidDetails.KidsSelection"/>
  <testcase name="SelectThirdKid" time="3.691" classname="kidDetails.KidsSelection"/>
  <testcase name="getStarted" time="3.824" classname="signUp.SignUp"/>
</testsuite> <!-- Default test -->
